<?xml version="1.0" encoding="UTF-8"?>
<testsuite name="StudentTest" tests="4" skipped="1" failures="0" errors="0" timestamp="2023-10-13T15:38:14" hostname="DESKTOP-FGQONML" time="0.012">
  <properties/>
  <testcase name="testAverageGrade()" classname="StudentTest" time="0.008"/>
  <testcase name="Check data in Student object" classname="StudentTest" time="0.001"/>
  <testcase name="testAddGrade()" classname="StudentTest" time="0.001"/>
  <testcase name="testStudentFields()" classname="StudentTest" time="0.001">
    <skipped/>
  </testcase>
  <system-out><![CDATA[Test Student Class
]]></system-out>
  <system-err><![CDATA[]]></system-err>
</testsuite>
